{"name":"hexo","hostname":"DESKTOP-MVA4D3F","pid":4244,"level":20,"msg":"Hexo version: 3.4.2","time":"2017-12-06T16:02:14.546Z","v":0}
{"name":"hexo","hostname":"DESKTOP-MVA4D3F","pid":4244,"level":20,"msg":"Working directory: D:\\HexoBlog\\","time":"2017-12-06T16:02:14.549Z","v":0}
{"name":"hexo","hostname":"DESKTOP-MVA4D3F","pid":4244,"level":20,"msg":"Config loaded: D:\\HexoBlog\\_config.yml","time":"2017-12-06T16:02:14.690Z","v":0}
{"name":"hexo","hostname":"DESKTOP-MVA4D3F","pid":4244,"level":20,"msg":"Plugin loaded: hexo-deployer-git","time":"2017-12-06T16:02:14.700Z","v":0}
{"name":"hexo","hostname":"DESKTOP-MVA4D3F","pid":4244,"level":20,"msg":"Plugin loaded: hexo-generator-index","time":"2017-12-06T16:02:14.703Z","v":0}
{"name":"hexo","hostname":"DESKTOP-MVA4D3F","pid":4244,"level":20,"msg":"Plugin loaded: hexo-generator-archive","time":"2017-12-06T16:02:14.705Z","v":0}
{"name":"hexo","hostname":"DESKTOP-MVA4D3F","pid":4244,"level":20,"msg":"Plugin loaded: hexo-renderer-marked","time":"2017-12-06T16:02:14.711Z","v":0}
{"name":"hexo","hostname":"DESKTOP-MVA4D3F","pid":4244,"level":20,"msg":"Plugin loaded: hexo-generator-category","time":"2017-12-06T16:02:14.714Z","v":0}
{"name":"hexo","hostname":"DESKTOP-MVA4D3F","pid":4244,"level":20,"msg":"Plugin loaded: hexo-renderer-stylus","time":"2017-12-06T16:02:14.715Z","v":0}
{"name":"hexo","hostname":"DESKTOP-MVA4D3F","pid":4244,"level":20,"msg":"Plugin loaded: hexo-generator-tag","time":"2017-12-06T16:02:14.716Z","v":0}
{"name":"hexo","hostname":"DESKTOP-MVA4D3F","pid":4244,"level":20,"msg":"Plugin loaded: hexo-renderer-ejs","time":"2017-12-06T16:02:14.720Z","v":0}
{"name":"hexo","hostname":"DESKTOP-MVA4D3F","pid":4244,"level":20,"msg":"Plugin loaded: hexo-server","time":"2017-12-06T16:02:14.813Z","v":0}
{"name":"hexo","hostname":"DESKTOP-MVA4D3F","pid":4244,"level":20,"msg":"Script loaded: themes\\hueman\\scripts\\excerpt.js","time":"2017-12-06T16:02:14.816Z","v":0}
{"name":"hexo","hostname":"DESKTOP-MVA4D3F","pid":4244,"level":20,"msg":"Script loaded: themes\\hueman\\scripts\\meta.js","time":"2017-12-06T16:02:14.816Z","v":0}
{"name":"hexo","hostname":"DESKTOP-MVA4D3F","pid":4244,"level":20,"msg":"Script loaded: themes\\hueman\\scripts\\thumbnail.js","time":"2017-12-06T16:02:14.816Z","v":0}
{"name":"hexo","hostname":"DESKTOP-MVA4D3F","pid":4244,"level":20,"msg":"Loading database.","time":"2017-12-06T16:02:14.823Z","v":0}
{"name":"hexo","hostname":"DESKTOP-MVA4D3F","pid":4244,"level":30,"msg":"Start processing","time":"2017-12-06T16:02:14.912Z","v":0}
{"name":"hexo","hostname":"DESKTOP-MVA4D3F","pid":4244,"level":20,"msg":"Processed: CNAME","time":"2017-12-06T16:02:14.957Z","v":0}
{"name":"hexo","hostname":"DESKTOP-MVA4D3F","pid":4244,"level":20,"msg":"Processed: debug.log","time":"2017-12-06T16:02:14.974Z","v":0}
{"name":"hexo","hostname":"DESKTOP-MVA4D3F","pid":4244,"level":20,"msg":"Processed: _posts/Git基础.md","time":"2017-12-06T16:02:15.000Z","v":0}
{"name":"hexo","hostname":"DESKTOP-MVA4D3F","pid":4244,"level":20,"msg":"Processed: _posts/Hexo部署要点.md","time":"2017-12-06T16:02:15.000Z","v":0}
{"name":"hexo","hostname":"DESKTOP-MVA4D3F","pid":4244,"level":20,"msg":"Processed: _posts/第一章-Java程序设计概述.md","time":"2017-12-06T16:02:15.001Z","v":0}
{"name":"hexo","hostname":"DESKTOP-MVA4D3F","pid":4244,"level":20,"msg":"Processed: _posts/第一章-初识C语言.md","time":"2017-12-06T16:02:15.001Z","v":0}
{"name":"hexo","hostname":"DESKTOP-MVA4D3F","pid":4244,"level":20,"msg":"Processed: _posts/第一章-Linux初探.md","time":"2017-12-06T16:02:15.001Z","v":0}
{"name":"hexo","hostname":"DESKTOP-MVA4D3F","pid":4244,"level":20,"msg":"Processed: _posts/第一章-面向对象的六大原则.md","time":"2017-12-06T16:02:15.001Z","v":0}
{"name":"hexo","hostname":"DESKTOP-MVA4D3F","pid":4244,"level":20,"msg":"Processed: _posts/第三章-Builder模式.md","time":"2017-12-06T16:02:15.001Z","v":0}
{"name":"hexo","hostname":"DESKTOP-MVA4D3F","pid":4244,"level":20,"msg":"Processed: _posts/第三章-Java的基本程序设计结构.md","time":"2017-12-06T16:02:15.001Z","v":0}
{"name":"hexo","hostname":"DESKTOP-MVA4D3F","pid":4244,"level":20,"msg":"Processed: _posts/第三章-数据和C.md","time":"2017-12-06T16:02:15.001Z","v":0}
{"name":"hexo","hostname":"DESKTOP-MVA4D3F","pid":4244,"level":20,"msg":"Processed: _posts/第二章-C语言概述.md","time":"2017-12-06T16:02:15.001Z","v":0}
{"name":"hexo","hostname":"DESKTOP-MVA4D3F","pid":4244,"level":20,"msg":"Processed: _posts/第二章-linux基础命令.md","time":"2017-12-06T16:02:15.001Z","v":0}
{"name":"hexo","hostname":"DESKTOP-MVA4D3F","pid":4244,"level":20,"msg":"Processed: _posts/第二章-单例模式.md","time":"2017-12-06T16:02:15.001Z","v":0}
{"name":"hexo","hostname":"DESKTOP-MVA4D3F","pid":4244,"level":20,"msg":"Processed: _posts/第五章-工厂方法模式.md","time":"2017-12-06T16:02:15.001Z","v":0}
{"name":"hexo","hostname":"DESKTOP-MVA4D3F","pid":4244,"level":20,"msg":"Processed: _posts/第四章-原型模式.md","time":"2017-12-06T16:02:15.001Z","v":0}
{"name":"hexo","hostname":"DESKTOP-MVA4D3F","pid":4244,"level":20,"msg":"Processed: about/index.md","time":"2017-12-06T16:02:15.001Z","v":0}
{"name":"hexo","hostname":"DESKTOP-MVA4D3F","pid":4244,"level":20,"msg":"Processed: categories/index.md","time":"2017-12-06T16:02:15.001Z","v":0}
{"name":"hexo","hostname":"DESKTOP-MVA4D3F","pid":4244,"level":20,"msg":"Processed: booklist/index.md","time":"2017-12-06T16:02:15.001Z","v":0}
{"name":"hexo","hostname":"DESKTOP-MVA4D3F","pid":4244,"level":20,"msg":"Theme config loaded.","time":"2017-12-06T16:02:15.018Z","v":0}
{"name":"hexo","hostname":"DESKTOP-MVA4D3F","pid":4244,"level":20,"msg":"Processed: _config.yml","time":"2017-12-06T16:02:15.020Z","v":0}
{"name":"hexo","hostname":"DESKTOP-MVA4D3F","pid":4244,"level":20,"msg":"Processed: _posts/Git基础/Git版本库演示图.jpg","time":"2017-12-06T16:02:15.081Z","v":0}
{"name":"hexo","hostname":"DESKTOP-MVA4D3F","pid":4244,"level":20,"msg":"Processed: source/css/style.styl","time":"2017-12-06T16:02:15.081Z","v":0}
{"name":"hexo","hostname":"DESKTOP-MVA4D3F","pid":4244,"level":20,"msg":"Processed: _posts/第三章-Java的基本程序设计结构/Java浮点型.jpg","time":"2017-12-06T16:02:15.082Z","v":0}
{"name":"hexo","hostname":"DESKTOP-MVA4D3F","pid":4244,"level":20,"msg":"Processed: source/js/main.js","time":"2017-12-06T16:02:15.082Z","v":0}
{"name":"hexo","hostname":"DESKTOP-MVA4D3F","pid":4244,"level":20,"msg":"Processed: _posts/第三章-Java的基本程序设计结构/数值类型之间的转换.jpg","time":"2017-12-06T16:02:15.083Z","v":0}
{"name":"hexo","hostname":"DESKTOP-MVA4D3F","pid":4244,"level":20,"msg":"Processed: source/js/insight.js","time":"2017-12-06T16:02:15.083Z","v":0}
{"name":"hexo","hostname":"DESKTOP-MVA4D3F","pid":4244,"level":20,"msg":"Processed: _posts/第三章-Java的基本程序设计结构/Java整型.jpg","time":"2017-12-06T16:02:15.084Z","v":0}
{"name":"hexo","hostname":"DESKTOP-MVA4D3F","pid":4244,"level":20,"msg":"Processed: _posts/第三章-Java的基本程序设计结构/特殊字符的转义序列.jpg","time":"2017-12-06T16:02:15.085Z","v":0}
{"name":"hexo","hostname":"DESKTOP-MVA4D3F","pid":4244,"level":20,"msg":"Processed: _posts/第三章-Java的基本程序设计结构/运算符优先级1.jpg","time":"2017-12-06T16:02:15.085Z","v":0}
{"name":"hexo","hostname":"DESKTOP-MVA4D3F","pid":4244,"level":20,"msg":"Processed: _posts/第三章-Java的基本程序设计结构/运算符优先级2.jpg","time":"2017-12-06T16:02:15.086Z","v":0}
{"name":"hexo","hostname":"DESKTOP-MVA4D3F","pid":4244,"level":20,"msg":"Processed: _posts/第五章-工厂方法模式/工厂方法模式.gif","time":"2017-12-06T16:02:15.086Z","v":0}
{"name":"hexo","hostname":"DESKTOP-MVA4D3F","pid":4244,"level":20,"msg":"Processed: layout/archive.ejs","time":"2017-12-06T16:02:15.108Z","v":0}
{"name":"hexo","hostname":"DESKTOP-MVA4D3F","pid":4244,"level":20,"msg":"Processed: layout/category.ejs","time":"2017-12-06T16:02:15.108Z","v":0}
{"name":"hexo","hostname":"DESKTOP-MVA4D3F","pid":4244,"level":20,"msg":"Processed: layout/layout.ejs","time":"2017-12-06T16:02:15.108Z","v":0}
{"name":"hexo","hostname":"DESKTOP-MVA4D3F","pid":4244,"level":20,"msg":"Processed: layout/index.ejs","time":"2017-12-06T16:02:15.108Z","v":0}
{"name":"hexo","hostname":"DESKTOP-MVA4D3F","pid":4244,"level":20,"msg":"Processed: layout/post.ejs","time":"2017-12-06T16:02:15.109Z","v":0}
{"name":"hexo","hostname":"DESKTOP-MVA4D3F","pid":4244,"level":20,"msg":"Processed: layout/page.ejs","time":"2017-12-06T16:02:15.109Z","v":0}
{"name":"hexo","hostname":"DESKTOP-MVA4D3F","pid":4244,"level":20,"msg":"Processed: layout/tag.ejs","time":"2017-12-06T16:02:15.109Z","v":0}
{"name":"hexo","hostname":"DESKTOP-MVA4D3F","pid":4244,"level":20,"msg":"Processed: languages/ca.yml","time":"2017-12-06T16:02:15.111Z","v":0}
{"name":"hexo","hostname":"DESKTOP-MVA4D3F","pid":4244,"level":20,"msg":"Processed: languages/en.yml","time":"2017-12-06T16:02:15.111Z","v":0}
{"name":"hexo","hostname":"DESKTOP-MVA4D3F","pid":4244,"level":20,"msg":"Processed: languages/hu.yml","time":"2017-12-06T16:02:15.111Z","v":0}
{"name":"hexo","hostname":"DESKTOP-MVA4D3F","pid":4244,"level":20,"msg":"Processed: languages/id.yml","time":"2017-12-06T16:02:15.111Z","v":0}
{"name":"hexo","hostname":"DESKTOP-MVA4D3F","pid":4244,"level":20,"msg":"Processed: languages/fr.yml","time":"2017-12-06T16:02:15.111Z","v":0}
{"name":"hexo","hostname":"DESKTOP-MVA4D3F","pid":4244,"level":20,"msg":"Processed: languages/es.yml","time":"2017-12-06T16:02:15.111Z","v":0}
{"name":"hexo","hostname":"DESKTOP-MVA4D3F","pid":4244,"level":20,"msg":"Processed: languages/ko.yml","time":"2017-12-06T16:02:15.111Z","v":0}
{"name":"hexo","hostname":"DESKTOP-MVA4D3F","pid":4244,"level":20,"msg":"Processed: languages/ja.yml","time":"2017-12-06T16:02:15.112Z","v":0}
{"name":"hexo","hostname":"DESKTOP-MVA4D3F","pid":4244,"level":20,"msg":"Processed: languages/pt-BR.yml","time":"2017-12-06T16:02:15.112Z","v":0}
{"name":"hexo","hostname":"DESKTOP-MVA4D3F","pid":4244,"level":20,"msg":"Processed: languages/tr.yml","time":"2017-12-06T16:02:15.112Z","v":0}
{"name":"hexo","hostname":"DESKTOP-MVA4D3F","pid":4244,"level":20,"msg":"Processed: languages/vi.yml","time":"2017-12-06T16:02:15.112Z","v":0}
{"name":"hexo","hostname":"DESKTOP-MVA4D3F","pid":4244,"level":20,"msg":"Processed: languages/zh-CN.yml","time":"2017-12-06T16:02:15.112Z","v":0}
{"name":"hexo","hostname":"DESKTOP-MVA4D3F","pid":4244,"level":20,"msg":"Processed: languages/zh-TW.yml","time":"2017-12-06T16:02:15.112Z","v":0}
{"name":"hexo","hostname":"DESKTOP-MVA4D3F","pid":4244,"level":20,"msg":"Processed: languages/ru.yml","time":"2017-12-06T16:02:15.112Z","v":0}
{"name":"hexo","hostname":"DESKTOP-MVA4D3F","pid":4244,"level":20,"msg":"Processed: source/css/images/logo-heade1r.png","time":"2017-12-06T16:02:15.127Z","v":0}
{"name":"hexo","hostname":"DESKTOP-MVA4D3F","pid":4244,"level":20,"msg":"Processed: source/css/images/logo-header.png","time":"2017-12-06T16:02:15.128Z","v":0}
{"name":"hexo","hostname":"DESKTOP-MVA4D3F","pid":4244,"level":20,"msg":"Processed: source/css/images/logo-header1.png","time":"2017-12-06T16:02:15.128Z","v":0}
{"name":"hexo","hostname":"DESKTOP-MVA4D3F","pid":4244,"level":20,"msg":"Processed: source/css/images/opacity-10.png","time":"2017-12-06T16:02:15.128Z","v":0}
{"name":"hexo","hostname":"DESKTOP-MVA4D3F","pid":4244,"level":20,"msg":"Processed: source/css/images/s-left.png","time":"2017-12-06T16:02:15.129Z","v":0}
{"name":"hexo","hostname":"DESKTOP-MVA4D3F","pid":4244,"level":20,"msg":"Processed: source/css/images/thumb-default-small.png","time":"2017-12-06T16:02:15.129Z","v":0}
{"name":"hexo","hostname":"DESKTOP-MVA4D3F","pid":4244,"level":20,"msg":"Processed: source/css/images/thumb-default.png","time":"2017-12-06T16:02:15.129Z","v":0}
{"name":"hexo","hostname":"DESKTOP-MVA4D3F","pid":4244,"level":20,"msg":"Processed: source/libs/justified-gallery/justifiedGallery.min.css","time":"2017-12-06T16:02:15.130Z","v":0}
{"name":"hexo","hostname":"DESKTOP-MVA4D3F","pid":4244,"level":20,"msg":"Processed: source/libs/justified-gallery/jquery.justifiedGallery.min.js","time":"2017-12-06T16:02:15.130Z","v":0}
{"name":"hexo","hostname":"DESKTOP-MVA4D3F","pid":4244,"level":20,"msg":"Processed: source/libs/source-code-pro/styles.css","time":"2017-12-06T16:02:15.130Z","v":0}
{"name":"hexo","hostname":"DESKTOP-MVA4D3F","pid":4244,"level":20,"msg":"Processed: source/libs/titillium-web/styles.css","time":"2017-12-06T16:02:15.130Z","v":0}
{"name":"hexo","hostname":"DESKTOP-MVA4D3F","pid":4244,"level":20,"msg":"Processed: layout/comment/counter.ejs","time":"2017-12-06T16:02:15.151Z","v":0}
{"name":"hexo","hostname":"DESKTOP-MVA4D3F","pid":4244,"level":20,"msg":"Processed: layout/comment/changyan.ejs","time":"2017-12-06T16:02:15.151Z","v":0}
{"name":"hexo","hostname":"DESKTOP-MVA4D3F","pid":4244,"level":20,"msg":"Processed: layout/comment/duoshuo.ejs","time":"2017-12-06T16:02:15.151Z","v":0}
{"name":"hexo","hostname":"DESKTOP-MVA4D3F","pid":4244,"level":20,"msg":"Processed: layout/comment/index.ejs","time":"2017-12-06T16:02:15.151Z","v":0}
{"name":"hexo","hostname":"DESKTOP-MVA4D3F","pid":4244,"level":20,"msg":"Processed: layout/comment/isso.ejs","time":"2017-12-06T16:02:15.151Z","v":0}
{"name":"hexo","hostname":"DESKTOP-MVA4D3F","pid":4244,"level":20,"msg":"Processed: layout/comment/disqus.ejs","time":"2017-12-06T16:02:15.151Z","v":0}
{"name":"hexo","hostname":"DESKTOP-MVA4D3F","pid":4244,"level":20,"msg":"Processed: layout/comment/facebook.ejs","time":"2017-12-06T16:02:15.152Z","v":0}
{"name":"hexo","hostname":"DESKTOP-MVA4D3F","pid":4244,"level":20,"msg":"Processed: layout/comment/livere.ejs","time":"2017-12-06T16:02:15.152Z","v":0}
{"name":"hexo","hostname":"DESKTOP-MVA4D3F","pid":4244,"level":20,"msg":"Processed: layout/comment/scripts.ejs","time":"2017-12-06T16:02:15.152Z","v":0}
{"name":"hexo","hostname":"DESKTOP-MVA4D3F","pid":4244,"level":20,"msg":"Processed: layout/comment/valine.ejs","time":"2017-12-06T16:02:15.152Z","v":0}
{"name":"hexo","hostname":"DESKTOP-MVA4D3F","pid":4244,"level":20,"msg":"Processed: layout/comment/youyan.ejs","time":"2017-12-06T16:02:15.152Z","v":0}
{"name":"hexo","hostname":"DESKTOP-MVA4D3F","pid":4244,"level":20,"msg":"Processed: layout/common/archive.ejs","time":"2017-12-06T16:02:15.152Z","v":0}
{"name":"hexo","hostname":"DESKTOP-MVA4D3F","pid":4244,"level":20,"msg":"Processed: layout/common/content-title.ejs","time":"2017-12-06T16:02:15.152Z","v":0}
{"name":"hexo","hostname":"DESKTOP-MVA4D3F","pid":4244,"level":20,"msg":"Processed: layout/common/article.ejs","time":"2017-12-06T16:02:15.152Z","v":0}
{"name":"hexo","hostname":"DESKTOP-MVA4D3F","pid":4244,"level":20,"msg":"Processed: layout/common/footer.ejs","time":"2017-12-06T16:02:15.152Z","v":0}
{"name":"hexo","hostname":"DESKTOP-MVA4D3F","pid":4244,"level":20,"msg":"Processed: layout/common/head.ejs","time":"2017-12-06T16:02:15.152Z","v":0}
{"name":"hexo","hostname":"DESKTOP-MVA4D3F","pid":4244,"level":20,"msg":"Processed: layout/common/sidebar.ejs","time":"2017-12-06T16:02:15.152Z","v":0}
{"name":"hexo","hostname":"DESKTOP-MVA4D3F","pid":4244,"level":20,"msg":"Processed: layout/common/scripts.ejs","time":"2017-12-06T16:02:15.152Z","v":0}
{"name":"hexo","hostname":"DESKTOP-MVA4D3F","pid":4244,"level":20,"msg":"Processed: layout/common/summary.ejs","time":"2017-12-06T16:02:15.152Z","v":0}
{"name":"hexo","hostname":"DESKTOP-MVA4D3F","pid":4244,"level":20,"msg":"Processed: layout/common/thumbnail.ejs","time":"2017-12-06T16:02:15.152Z","v":0}
{"name":"hexo","hostname":"DESKTOP-MVA4D3F","pid":4244,"level":20,"msg":"Processed: layout/common/header.ejs","time":"2017-12-06T16:02:15.152Z","v":0}
{"name":"hexo","hostname":"DESKTOP-MVA4D3F","pid":4244,"level":20,"msg":"Processed: layout/plugin/baidu-analytics.ejs","time":"2017-12-06T16:02:15.152Z","v":0}
{"name":"hexo","hostname":"DESKTOP-MVA4D3F","pid":4244,"level":20,"msg":"Processed: layout/plugin/google-analytics.ejs","time":"2017-12-06T16:02:15.152Z","v":0}
{"name":"hexo","hostname":"DESKTOP-MVA4D3F","pid":4244,"level":20,"msg":"Processed: layout/search/index.ejs","time":"2017-12-06T16:02:15.152Z","v":0}
{"name":"hexo","hostname":"DESKTOP-MVA4D3F","pid":4244,"level":20,"msg":"Processed: layout/plugin/scripts.ejs","time":"2017-12-06T16:02:15.152Z","v":0}
{"name":"hexo","hostname":"DESKTOP-MVA4D3F","pid":4244,"level":20,"msg":"Processed: layout/search/baidu.ejs","time":"2017-12-06T16:02:15.153Z","v":0}
{"name":"hexo","hostname":"DESKTOP-MVA4D3F","pid":4244,"level":20,"msg":"Processed: layout/search/insight.ejs","time":"2017-12-06T16:02:15.153Z","v":0}
{"name":"hexo","hostname":"DESKTOP-MVA4D3F","pid":4244,"level":20,"msg":"Processed: layout/search/swiftype.ejs","time":"2017-12-06T16:02:15.153Z","v":0}
{"name":"hexo","hostname":"DESKTOP-MVA4D3F","pid":4244,"level":20,"msg":"Processed: layout/share/index.ejs","time":"2017-12-06T16:02:15.153Z","v":0}
{"name":"hexo","hostname":"DESKTOP-MVA4D3F","pid":4244,"level":20,"msg":"Processed: layout/share/bdshare.ejs","time":"2017-12-06T16:02:15.153Z","v":0}
{"name":"hexo","hostname":"DESKTOP-MVA4D3F","pid":4244,"level":20,"msg":"Processed: layout/share/addtoany.ejs","time":"2017-12-06T16:02:15.153Z","v":0}
{"name":"hexo","hostname":"DESKTOP-MVA4D3F","pid":4244,"level":20,"msg":"Processed: layout/share/default.ejs","time":"2017-12-06T16:02:15.153Z","v":0}
{"name":"hexo","hostname":"DESKTOP-MVA4D3F","pid":4244,"level":20,"msg":"Processed: layout/share/jiathis.ejs","time":"2017-12-06T16:02:15.153Z","v":0}
{"name":"hexo","hostname":"DESKTOP-MVA4D3F","pid":4244,"level":20,"msg":"Processed: layout/widget/archive.ejs","time":"2017-12-06T16:02:15.153Z","v":0}
{"name":"hexo","hostname":"DESKTOP-MVA4D3F","pid":4244,"level":20,"msg":"Processed: layout/widget/links.ejs","time":"2017-12-06T16:02:15.153Z","v":0}
{"name":"hexo","hostname":"DESKTOP-MVA4D3F","pid":4244,"level":20,"msg":"Processed: layout/widget/category.ejs","time":"2017-12-06T16:02:15.153Z","v":0}
{"name":"hexo","hostname":"DESKTOP-MVA4D3F","pid":4244,"level":20,"msg":"Processed: layout/widget/sticky_posts.ejs","time":"2017-12-06T16:02:15.153Z","v":0}
{"name":"hexo","hostname":"DESKTOP-MVA4D3F","pid":4244,"level":20,"msg":"Processed: layout/widget/recent_posts.ejs","time":"2017-12-06T16:02:15.153Z","v":0}
{"name":"hexo","hostname":"DESKTOP-MVA4D3F","pid":4244,"level":20,"msg":"Processed: layout/widget/tagcloud.ejs","time":"2017-12-06T16:02:15.153Z","v":0}
{"name":"hexo","hostname":"DESKTOP-MVA4D3F","pid":4244,"level":20,"msg":"Processed: layout/widget/tag.ejs","time":"2017-12-06T16:02:15.153Z","v":0}
{"name":"hexo","hostname":"DESKTOP-MVA4D3F","pid":4244,"level":20,"msg":"Processed: _posts/第二章-C语言概述/C程序解剖.png","time":"2017-12-06T16:02:15.194Z","v":0}
{"name":"hexo","hostname":"DESKTOP-MVA4D3F","pid":4244,"level":20,"msg":"Processed: source/libs/font-awesome/css/font-awesome.css","time":"2017-12-06T16:02:15.194Z","v":0}
{"name":"hexo","hostname":"DESKTOP-MVA4D3F","pid":4244,"level":20,"msg":"Processed: source/libs/font-awesome/css/font-awesome.min.css","time":"2017-12-06T16:02:15.194Z","v":0}
{"name":"hexo","hostname":"DESKTOP-MVA4D3F","pid":4244,"level":20,"msg":"Processed: source/libs/lightgallery/css/lg-fb-comment-box.css","time":"2017-12-06T16:02:15.195Z","v":0}
{"name":"hexo","hostname":"DESKTOP-MVA4D3F","pid":4244,"level":20,"msg":"Processed: source/libs/lightgallery/css/lg-fb-comment-box.css.map","time":"2017-12-06T16:02:15.195Z","v":0}
{"name":"hexo","hostname":"DESKTOP-MVA4D3F","pid":4244,"level":20,"msg":"Processed: source/libs/lightgallery/css/lg-fb-comment-box.min.css","time":"2017-12-06T16:02:15.195Z","v":0}
{"name":"hexo","hostname":"DESKTOP-MVA4D3F","pid":4244,"level":20,"msg":"Processed: source/libs/lightgallery/css/lg-transitions.css","time":"2017-12-06T16:02:15.195Z","v":0}
{"name":"hexo","hostname":"DESKTOP-MVA4D3F","pid":4244,"level":20,"msg":"Processed: source/libs/lightgallery/css/lg-transitions.css.map","time":"2017-12-06T16:02:15.195Z","v":0}
{"name":"hexo","hostname":"DESKTOP-MVA4D3F","pid":4244,"level":20,"msg":"Processed: source/libs/lightgallery/css/lg-transitions.min.css","time":"2017-12-06T16:02:15.196Z","v":0}
{"name":"hexo","hostname":"DESKTOP-MVA4D3F","pid":4244,"level":20,"msg":"Processed: source/libs/lightgallery/css/lightgallery.css","time":"2017-12-06T16:02:15.196Z","v":0}
{"name":"hexo","hostname":"DESKTOP-MVA4D3F","pid":4244,"level":20,"msg":"Processed: source/libs/lightgallery/css/lightgallery.css.map","time":"2017-12-06T16:02:15.196Z","v":0}
{"name":"hexo","hostname":"DESKTOP-MVA4D3F","pid":4244,"level":20,"msg":"Processed: source/libs/lightgallery/css/lightgallery.min.css","time":"2017-12-06T16:02:15.199Z","v":0}
{"name":"hexo","hostname":"DESKTOP-MVA4D3F","pid":4244,"level":20,"msg":"Processed: source/libs/lightgallery/fonts/lg.eot","time":"2017-12-06T16:02:15.199Z","v":0}
{"name":"hexo","hostname":"DESKTOP-MVA4D3F","pid":4244,"level":20,"msg":"Processed: source/libs/lightgallery/fonts/lg.svg","time":"2017-12-06T16:02:15.199Z","v":0}
{"name":"hexo","hostname":"DESKTOP-MVA4D3F","pid":4244,"level":20,"msg":"Processed: source/libs/lightgallery/fonts/lg.ttf","time":"2017-12-06T16:02:15.199Z","v":0}
{"name":"hexo","hostname":"DESKTOP-MVA4D3F","pid":4244,"level":20,"msg":"Processed: source/libs/lightgallery/fonts/lg.woff","time":"2017-12-06T16:02:15.200Z","v":0}
{"name":"hexo","hostname":"DESKTOP-MVA4D3F","pid":4244,"level":20,"msg":"Processed: source/libs/lightgallery/img/video-play.png","time":"2017-12-06T16:02:15.200Z","v":0}
{"name":"hexo","hostname":"DESKTOP-MVA4D3F","pid":4244,"level":20,"msg":"Processed: source/libs/lightgallery/img/loading.gif","time":"2017-12-06T16:02:15.200Z","v":0}
{"name":"hexo","hostname":"DESKTOP-MVA4D3F","pid":4244,"level":20,"msg":"Processed: source/libs/lightgallery/img/vimeo-play.png","time":"2017-12-06T16:02:15.200Z","v":0}
{"name":"hexo","hostname":"DESKTOP-MVA4D3F","pid":4244,"level":20,"msg":"Processed: source/libs/lightgallery/img/youtube-play.png","time":"2017-12-06T16:02:15.200Z","v":0}
{"name":"hexo","hostname":"DESKTOP-MVA4D3F","pid":4244,"level":20,"msg":"Processed: source/libs/lightgallery/js/lg-autoplay.js","time":"2017-12-06T16:02:15.201Z","v":0}
{"name":"hexo","hostname":"DESKTOP-MVA4D3F","pid":4244,"level":20,"msg":"Processed: source/libs/lightgallery/js/lg-autoplay.min.js","time":"2017-12-06T16:02:15.201Z","v":0}
{"name":"hexo","hostname":"DESKTOP-MVA4D3F","pid":4244,"level":20,"msg":"Processed: source/libs/lightgallery/js/lg-fullscreen.js","time":"2017-12-06T16:02:15.201Z","v":0}
{"name":"hexo","hostname":"DESKTOP-MVA4D3F","pid":4244,"level":20,"msg":"Processed: source/libs/lightgallery/js/lg-fullscreen.min.js","time":"2017-12-06T16:02:15.201Z","v":0}
{"name":"hexo","hostname":"DESKTOP-MVA4D3F","pid":4244,"level":20,"msg":"Processed: source/libs/lightgallery/js/lg-hash.js","time":"2017-12-06T16:02:15.201Z","v":0}
{"name":"hexo","hostname":"DESKTOP-MVA4D3F","pid":4244,"level":20,"msg":"Processed: source/libs/lightgallery/js/lg-hash.min.js","time":"2017-12-06T16:02:15.201Z","v":0}
{"name":"hexo","hostname":"DESKTOP-MVA4D3F","pid":4244,"level":20,"msg":"Processed: source/libs/lightgallery/js/lg-pager.js","time":"2017-12-06T16:02:15.202Z","v":0}
{"name":"hexo","hostname":"DESKTOP-MVA4D3F","pid":4244,"level":20,"msg":"Processed: source/libs/lightgallery/js/lg-pager.min.js","time":"2017-12-06T16:02:15.202Z","v":0}
{"name":"hexo","hostname":"DESKTOP-MVA4D3F","pid":4244,"level":20,"msg":"Processed: source/libs/lightgallery/js/lg-share.js","time":"2017-12-06T16:02:15.202Z","v":0}
{"name":"hexo","hostname":"DESKTOP-MVA4D3F","pid":4244,"level":20,"msg":"Processed: source/libs/lightgallery/js/lg-share.min.js","time":"2017-12-06T16:02:15.202Z","v":0}
{"name":"hexo","hostname":"DESKTOP-MVA4D3F","pid":4244,"level":20,"msg":"Processed: source/libs/lightgallery/js/lg-thumbnail.js","time":"2017-12-06T16:02:15.202Z","v":0}
{"name":"hexo","hostname":"DESKTOP-MVA4D3F","pid":4244,"level":20,"msg":"Processed: source/libs/lightgallery/js/lg-thumbnail.min.js","time":"2017-12-06T16:02:15.202Z","v":0}
{"name":"hexo","hostname":"DESKTOP-MVA4D3F","pid":4244,"level":20,"msg":"Processed: source/libs/lightgallery/js/lg-video.js","time":"2017-12-06T16:02:15.203Z","v":0}
{"name":"hexo","hostname":"DESKTOP-MVA4D3F","pid":4244,"level":20,"msg":"Processed: source/libs/lightgallery/js/lg-video.min.js","time":"2017-12-06T16:02:15.203Z","v":0}
{"name":"hexo","hostname":"DESKTOP-MVA4D3F","pid":4244,"level":20,"msg":"Processed: source/libs/lightgallery/js/lg-zoom.js","time":"2017-12-06T16:02:15.203Z","v":0}
{"name":"hexo","hostname":"DESKTOP-MVA4D3F","pid":4244,"level":20,"msg":"Processed: source/libs/lightgallery/js/lg-zoom.min.js","time":"2017-12-06T16:02:15.203Z","v":0}
{"name":"hexo","hostname":"DESKTOP-MVA4D3F","pid":4244,"level":20,"msg":"Processed: source/libs/lightgallery/js/lightgallery.js","time":"2017-12-06T16:02:15.203Z","v":0}
{"name":"hexo","hostname":"DESKTOP-MVA4D3F","pid":4244,"level":20,"msg":"Processed: source/libs/lightgallery/js/lightgallery.min.js","time":"2017-12-06T16:02:15.203Z","v":0}
{"name":"hexo","hostname":"DESKTOP-MVA4D3F","pid":4244,"level":20,"msg":"Processed: source/libs/source-code-pro/fonts/mrl8jkM18OlOQN8JLgasDy2Q8seG17bfDXYR_jUsrzg.woff2","time":"2017-12-06T16:02:15.203Z","v":0}
{"name":"hexo","hostname":"DESKTOP-MVA4D3F","pid":4244,"level":20,"msg":"Processed: source/libs/source-code-pro/fonts/mrl8jkM18OlOQN8JLgasD9V_2ngZ8dMf8fLgjYEouxg.woff2","time":"2017-12-06T16:02:15.204Z","v":0}
{"name":"hexo","hostname":"DESKTOP-MVA4D3F","pid":4244,"level":20,"msg":"Processed: source/libs/titillium-web/fonts/7XUFZ5tgS-tD6QamInJTcSo_WB_cotcEMUw1LsIE8mM.woff2","time":"2017-12-06T16:02:15.204Z","v":0}
{"name":"hexo","hostname":"DESKTOP-MVA4D3F","pid":4244,"level":20,"msg":"Processed: source/libs/titillium-web/fonts/7XUFZ5tgS-tD6QamInJTcZSnX671uNZIV63UdXh3Mg0.woff2","time":"2017-12-06T16:02:15.205Z","v":0}
{"name":"hexo","hostname":"DESKTOP-MVA4D3F","pid":4244,"level":20,"msg":"Processed: source/libs/titillium-web/fonts/anMUvcNT0H1YN4FII8wpr4-67659ICLY8bMrYhtePPA.woff2","time":"2017-12-06T16:02:15.205Z","v":0}
{"name":"hexo","hostname":"DESKTOP-MVA4D3F","pid":4244,"level":20,"msg":"Processed: source/libs/titillium-web/fonts/anMUvcNT0H1YN4FII8wpr46gJz9aNFrmnwBdd69aqzY.woff2","time":"2017-12-06T16:02:15.206Z","v":0}
{"name":"hexo","hostname":"DESKTOP-MVA4D3F","pid":4244,"level":20,"msg":"Processed: source/libs/titillium-web/fonts/anMUvcNT0H1YN4FII8wpr9INifKjd1RJ3NxxEi9Cy2w.woff2","time":"2017-12-06T16:02:15.206Z","v":0}
{"name":"hexo","hostname":"DESKTOP-MVA4D3F","pid":4244,"level":20,"msg":"Processed: source/libs/titillium-web/fonts/anMUvcNT0H1YN4FII8wpr_SNRT0fZ5CX-AqRkMYgJJo.woff2","time":"2017-12-06T16:02:15.206Z","v":0}
{"name":"hexo","hostname":"DESKTOP-MVA4D3F","pid":4244,"level":20,"msg":"Processed: layout/common/post/gallery.ejs","time":"2017-12-06T16:02:15.229Z","v":0}
{"name":"hexo","hostname":"DESKTOP-MVA4D3F","pid":4244,"level":20,"msg":"Processed: layout/common/post/date.ejs","time":"2017-12-06T16:02:15.229Z","v":0}
{"name":"hexo","hostname":"DESKTOP-MVA4D3F","pid":4244,"level":20,"msg":"Processed: layout/common/post/tag.ejs","time":"2017-12-06T16:02:15.229Z","v":0}
{"name":"hexo","hostname":"DESKTOP-MVA4D3F","pid":4244,"level":20,"msg":"Processed: layout/common/post/nav.ejs","time":"2017-12-06T16:02:15.229Z","v":0}
{"name":"hexo","hostname":"DESKTOP-MVA4D3F","pid":4244,"level":20,"msg":"Processed: layout/common/post/title.ejs","time":"2017-12-06T16:02:15.229Z","v":0}
{"name":"hexo","hostname":"DESKTOP-MVA4D3F","pid":4244,"level":20,"msg":"Processed: source/libs/font-awesome/fonts/FontAwesome.otf","time":"2017-12-06T16:02:15.230Z","v":0}
{"name":"hexo","hostname":"DESKTOP-MVA4D3F","pid":4244,"level":20,"msg":"Processed: source/libs/font-awesome/fonts/fontawesome-webfont.eot","time":"2017-12-06T16:02:15.230Z","v":0}
{"name":"hexo","hostname":"DESKTOP-MVA4D3F","pid":4244,"level":20,"msg":"Processed: source/libs/font-awesome/fonts/fontawesome-webfont.woff","time":"2017-12-06T16:02:15.230Z","v":0}
{"name":"hexo","hostname":"DESKTOP-MVA4D3F","pid":4244,"level":20,"msg":"Processed: source/libs/font-awesome/fonts/fontawesome-webfont.woff2","time":"2017-12-06T16:02:15.230Z","v":0}
{"name":"hexo","hostname":"DESKTOP-MVA4D3F","pid":4244,"level":20,"msg":"Processed: source/libs/jquery/2.0.3/jquery.min.js","time":"2017-12-06T16:02:15.231Z","v":0}
{"name":"hexo","hostname":"DESKTOP-MVA4D3F","pid":4244,"level":20,"msg":"Processed: source/libs/font-awesome/fonts/fontawesome-webfont.ttf","time":"2017-12-06T16:02:15.232Z","v":0}
{"name":"hexo","hostname":"DESKTOP-MVA4D3F","pid":4244,"level":20,"msg":"Processed: source/libs/font-awesome/fonts/fontawesome-webfont.svg","time":"2017-12-06T16:02:15.233Z","v":0}
{"name":"hexo","hostname":"DESKTOP-MVA4D3F","pid":4244,"level":60,"err":{"message":"(unknown path) [Line 284, Column 15]\n  expected variable end","name":"Template render error","stack":"Template render error: (unknown path) [Line 284, Column 15]\n  expected variable end\n    at Object.exports.prettifyError (D:\\HexoBlog\\node_modules\\nunjucks\\src\\lib.js:34:15)\n    at new_cls.render (D:\\HexoBlog\\node_modules\\nunjucks\\src\\environment.js:469:27)\n    at new_cls.renderString (D:\\HexoBlog\\node_modules\\nunjucks\\src\\environment.js:327:21)\n    at D:\\HexoBlog\\node_modules\\hexo\\lib\\extend\\tag.js:66:9\n    at Promise._execute (D:\\HexoBlog\\node_modules\\bluebird\\js\\release\\debuggability.js:303:9)\n    at Promise._resolveFromExecutor (D:\\HexoBlog\\node_modules\\bluebird\\js\\release\\promise.js:483:18)\n    at new Promise (D:\\HexoBlog\\node_modules\\bluebird\\js\\release\\promise.js:79:10)\n    at Tag.render (D:\\HexoBlog\\node_modules\\hexo\\lib\\extend\\tag.js:64:10)\n    at Object.tagFilter [as onRenderEnd] (D:\\HexoBlog\\node_modules\\hexo\\lib\\hexo\\post.js:266:16)\n    at D:\\HexoBlog\\node_modules\\hexo\\lib\\hexo\\render.js:65:19\n    at tryCatcher (D:\\HexoBlog\\node_modules\\bluebird\\js\\release\\util.js:16:23)\n    at Promise._settlePromiseFromHandler (D:\\HexoBlog\\node_modules\\bluebird\\js\\release\\promise.js:512:31)\n    at Promise._settlePromise (D:\\HexoBlog\\node_modules\\bluebird\\js\\release\\promise.js:569:18)\n    at Promise._settlePromise0 (D:\\HexoBlog\\node_modules\\bluebird\\js\\release\\promise.js:614:10)\n    at Promise._settlePromises (D:\\HexoBlog\\node_modules\\bluebird\\js\\release\\promise.js:693:18)\n    at Async._drainQueue (D:\\HexoBlog\\node_modules\\bluebird\\js\\release\\async.js:133:16)"},"msg":"Something's wrong. Maybe you can find the solution here: http://hexo.io/docs/troubleshooting.html","time":"2017-12-06T16:02:15.568Z","v":0}
{"name":"hexo","hostname":"DESKTOP-MVA4D3F","pid":4244,"level":20,"msg":"Database saved","time":"2017-12-06T16:02:15.597Z","v":0}
{"name":"hexo","hostname":"DESKTOP-MVA4D3F","pid":9692,"level":20,"msg":"Hexo version: 3.4.2","time":"2017-12-06T16:02:46.901Z","v":0}
{"name":"hexo","hostname":"DESKTOP-MVA4D3F","pid":9692,"level":20,"msg":"Working directory: D:\\HexoBlog\\","time":"2017-12-06T16:02:46.904Z","v":0}
{"name":"hexo","hostname":"DESKTOP-MVA4D3F","pid":9692,"level":20,"msg":"Config loaded: D:\\HexoBlog\\_config.yml","time":"2017-12-06T16:02:47.045Z","v":0}
{"name":"hexo","hostname":"DESKTOP-MVA4D3F","pid":9692,"level":20,"msg":"Plugin loaded: hexo-deployer-git","time":"2017-12-06T16:02:47.056Z","v":0}
{"name":"hexo","hostname":"DESKTOP-MVA4D3F","pid":9692,"level":20,"msg":"Plugin loaded: hexo-renderer-ejs","time":"2017-12-06T16:02:47.060Z","v":0}
{"name":"hexo","hostname":"DESKTOP-MVA4D3F","pid":9692,"level":20,"msg":"Plugin loaded: hexo-generator-index","time":"2017-12-06T16:02:47.063Z","v":0}
{"name":"hexo","hostname":"DESKTOP-MVA4D3F","pid":9692,"level":20,"msg":"Plugin loaded: hexo-generator-category","time":"2017-12-06T16:02:47.065Z","v":0}
{"name":"hexo","hostname":"DESKTOP-MVA4D3F","pid":9692,"level":20,"msg":"Plugin loaded: hexo-generator-tag","time":"2017-12-06T16:02:47.067Z","v":0}
{"name":"hexo","hostname":"DESKTOP-MVA4D3F","pid":9692,"level":20,"msg":"Plugin loaded: hexo-renderer-stylus","time":"2017-12-06T16:02:47.068Z","v":0}
{"name":"hexo","hostname":"DESKTOP-MVA4D3F","pid":9692,"level":20,"msg":"Plugin loaded: hexo-generator-archive","time":"2017-12-06T16:02:47.070Z","v":0}
{"name":"hexo","hostname":"DESKTOP-MVA4D3F","pid":9692,"level":20,"msg":"Plugin loaded: hexo-renderer-marked","time":"2017-12-06T16:02:47.077Z","v":0}
{"name":"hexo","hostname":"DESKTOP-MVA4D3F","pid":9692,"level":20,"msg":"Plugin loaded: hexo-server","time":"2017-12-06T16:02:47.175Z","v":0}
{"name":"hexo","hostname":"DESKTOP-MVA4D3F","pid":9692,"level":20,"msg":"Script loaded: themes\\hueman\\scripts\\meta.js","time":"2017-12-06T16:02:47.179Z","v":0}
{"name":"hexo","hostname":"DESKTOP-MVA4D3F","pid":9692,"level":20,"msg":"Script loaded: themes\\hueman\\scripts\\excerpt.js","time":"2017-12-06T16:02:47.179Z","v":0}
{"name":"hexo","hostname":"DESKTOP-MVA4D3F","pid":9692,"level":20,"msg":"Script loaded: themes\\hueman\\scripts\\thumbnail.js","time":"2017-12-06T16:02:47.179Z","v":0}
{"name":"hexo","hostname":"DESKTOP-MVA4D3F","pid":9692,"level":20,"msg":"Loading database.","time":"2017-12-06T16:02:47.180Z","v":0}
{"name":"hexo","hostname":"DESKTOP-MVA4D3F","pid":9692,"level":30,"msg":"Start processing","time":"2017-12-06T16:02:47.274Z","v":0}
{"name":"hexo","hostname":"DESKTOP-MVA4D3F","pid":9692,"level":20,"msg":"Processed: CNAME","time":"2017-12-06T16:02:47.305Z","v":0}
{"name":"hexo","hostname":"DESKTOP-MVA4D3F","pid":9692,"level":20,"msg":"Processed: _posts/Git基础.md","time":"2017-12-06T16:02:47.340Z","v":0}
{"name":"hexo","hostname":"DESKTOP-MVA4D3F","pid":9692,"level":20,"msg":"Processed: _posts/Hexo部署要点.md","time":"2017-12-06T16:02:47.340Z","v":0}
{"name":"hexo","hostname":"DESKTOP-MVA4D3F","pid":9692,"level":20,"msg":"Processed: _posts/第一章-Java程序设计概述.md","time":"2017-12-06T16:02:47.341Z","v":0}
{"name":"hexo","hostname":"DESKTOP-MVA4D3F","pid":9692,"level":20,"msg":"Processed: _posts/第一章-初识C语言.md","time":"2017-12-06T16:02:47.341Z","v":0}
{"name":"hexo","hostname":"DESKTOP-MVA4D3F","pid":9692,"level":20,"msg":"Processed: _posts/第一章-Linux初探.md","time":"2017-12-06T16:02:47.341Z","v":0}
{"name":"hexo","hostname":"DESKTOP-MVA4D3F","pid":9692,"level":20,"msg":"Processed: _posts/第一章-面向对象的六大原则.md","time":"2017-12-06T16:02:47.341Z","v":0}
{"name":"hexo","hostname":"DESKTOP-MVA4D3F","pid":9692,"level":20,"msg":"Processed: _posts/第三章-Builder模式.md","time":"2017-12-06T16:02:47.341Z","v":0}
{"name":"hexo","hostname":"DESKTOP-MVA4D3F","pid":9692,"level":20,"msg":"Processed: _posts/第三章-Java的基本程序设计结构.md","time":"2017-12-06T16:02:47.341Z","v":0}
{"name":"hexo","hostname":"DESKTOP-MVA4D3F","pid":9692,"level":20,"msg":"Processed: _posts/第三章-数据和C.md","time":"2017-12-06T16:02:47.341Z","v":0}
{"name":"hexo","hostname":"DESKTOP-MVA4D3F","pid":9692,"level":20,"msg":"Processed: _posts/第二章-C语言概述.md","time":"2017-12-06T16:02:47.341Z","v":0}
{"name":"hexo","hostname":"DESKTOP-MVA4D3F","pid":9692,"level":20,"msg":"Processed: _posts/第二章-linux基础命令.md","time":"2017-12-06T16:02:47.341Z","v":0}
{"name":"hexo","hostname":"DESKTOP-MVA4D3F","pid":9692,"level":20,"msg":"Processed: _posts/第二章-单例模式.md","time":"2017-12-06T16:02:47.341Z","v":0}
{"name":"hexo","hostname":"DESKTOP-MVA4D3F","pid":9692,"level":20,"msg":"Processed: _posts/第五章-工厂方法模式.md","time":"2017-12-06T16:02:47.341Z","v":0}
{"name":"hexo","hostname":"DESKTOP-MVA4D3F","pid":9692,"level":20,"msg":"Processed: _posts/第四章-原型模式.md","time":"2017-12-06T16:02:47.362Z","v":0}
{"name":"hexo","hostname":"DESKTOP-MVA4D3F","pid":9692,"level":20,"msg":"Processed: about/index.md","time":"2017-12-06T16:02:47.362Z","v":0}
{"name":"hexo","hostname":"DESKTOP-MVA4D3F","pid":9692,"level":20,"msg":"Processed: booklist/index.md","time":"2017-12-06T16:02:47.362Z","v":0}
{"name":"hexo","hostname":"DESKTOP-MVA4D3F","pid":9692,"level":20,"msg":"Processed: categories/index.md","time":"2017-12-06T16:02:47.363Z","v":0}
{"name":"hexo","hostname":"DESKTOP-MVA4D3F","pid":9692,"level":20,"msg":"Processed: debug.log","time":"2017-12-06T16:02:47.363Z","v":0}
{"name":"hexo","hostname":"DESKTOP-MVA4D3F","pid":9692,"level":20,"msg":"Processed: _posts/Git基础/Git版本库演示图.jpg","time":"2017-12-06T16:02:47.407Z","v":0}
{"name":"hexo","hostname":"DESKTOP-MVA4D3F","pid":9692,"level":20,"msg":"Processed: _posts/第三章-Java的基本程序设计结构/Java整型.jpg","time":"2017-12-06T16:02:47.407Z","v":0}
{"name":"hexo","hostname":"DESKTOP-MVA4D3F","pid":9692,"level":20,"msg":"Processed: _posts/第三章-Java的基本程序设计结构/Java浮点型.jpg","time":"2017-12-06T16:02:47.408Z","v":0}
{"name":"hexo","hostname":"DESKTOP-MVA4D3F","pid":9692,"level":20,"msg":"Processed: _posts/第三章-Java的基本程序设计结构/特殊字符的转义序列.jpg","time":"2017-12-06T16:02:47.409Z","v":0}
{"name":"hexo","hostname":"DESKTOP-MVA4D3F","pid":9692,"level":20,"msg":"Processed: _posts/第三章-Java的基本程序设计结构/数值类型之间的转换.jpg","time":"2017-12-06T16:02:47.410Z","v":0}
{"name":"hexo","hostname":"DESKTOP-MVA4D3F","pid":9692,"level":20,"msg":"Processed: _posts/第三章-Java的基本程序设计结构/运算符优先级1.jpg","time":"2017-12-06T16:02:47.411Z","v":0}
{"name":"hexo","hostname":"DESKTOP-MVA4D3F","pid":9692,"level":20,"msg":"Processed: _posts/第三章-Java的基本程序设计结构/运算符优先级2.jpg","time":"2017-12-06T16:02:47.412Z","v":0}
{"name":"hexo","hostname":"DESKTOP-MVA4D3F","pid":9692,"level":20,"msg":"Processed: _posts/第五章-工厂方法模式/工厂方法模式.gif","time":"2017-12-06T16:02:47.412Z","v":0}
{"name":"hexo","hostname":"DESKTOP-MVA4D3F","pid":9692,"level":20,"msg":"Theme config loaded.","time":"2017-12-06T16:02:47.452Z","v":0}
{"name":"hexo","hostname":"DESKTOP-MVA4D3F","pid":9692,"level":20,"msg":"Processed: _config.yml","time":"2017-12-06T16:02:47.455Z","v":0}
{"name":"hexo","hostname":"DESKTOP-MVA4D3F","pid":9692,"level":20,"msg":"Processed: source/css/style.styl","time":"2017-12-06T16:02:47.455Z","v":0}
{"name":"hexo","hostname":"DESKTOP-MVA4D3F","pid":9692,"level":20,"msg":"Processed: source/js/insight.js","time":"2017-12-06T16:02:47.455Z","v":0}
{"name":"hexo","hostname":"DESKTOP-MVA4D3F","pid":9692,"level":20,"msg":"Processed: source/js/main.js","time":"2017-12-06T16:02:47.455Z","v":0}
{"name":"hexo","hostname":"DESKTOP-MVA4D3F","pid":9692,"level":20,"msg":"Processed: layout/category.ejs","time":"2017-12-06T16:02:47.486Z","v":0}
{"name":"hexo","hostname":"DESKTOP-MVA4D3F","pid":9692,"level":20,"msg":"Processed: layout/archive.ejs","time":"2017-12-06T16:02:47.486Z","v":0}
{"name":"hexo","hostname":"DESKTOP-MVA4D3F","pid":9692,"level":20,"msg":"Processed: layout/layout.ejs","time":"2017-12-06T16:02:47.486Z","v":0}
{"name":"hexo","hostname":"DESKTOP-MVA4D3F","pid":9692,"level":20,"msg":"Processed: layout/index.ejs","time":"2017-12-06T16:02:47.486Z","v":0}
{"name":"hexo","hostname":"DESKTOP-MVA4D3F","pid":9692,"level":20,"msg":"Processed: layout/page.ejs","time":"2017-12-06T16:02:47.486Z","v":0}
{"name":"hexo","hostname":"DESKTOP-MVA4D3F","pid":9692,"level":20,"msg":"Processed: layout/post.ejs","time":"2017-12-06T16:02:47.486Z","v":0}
{"name":"hexo","hostname":"DESKTOP-MVA4D3F","pid":9692,"level":20,"msg":"Processed: layout/tag.ejs","time":"2017-12-06T16:02:47.487Z","v":0}
{"name":"hexo","hostname":"DESKTOP-MVA4D3F","pid":9692,"level":20,"msg":"Processed: languages/en.yml","time":"2017-12-06T16:02:47.497Z","v":0}
{"name":"hexo","hostname":"DESKTOP-MVA4D3F","pid":9692,"level":20,"msg":"Processed: languages/ca.yml","time":"2017-12-06T16:02:47.498Z","v":0}
{"name":"hexo","hostname":"DESKTOP-MVA4D3F","pid":9692,"level":20,"msg":"Processed: languages/es.yml","time":"2017-12-06T16:02:47.498Z","v":0}
{"name":"hexo","hostname":"DESKTOP-MVA4D3F","pid":9692,"level":20,"msg":"Processed: languages/id.yml","time":"2017-12-06T16:02:47.498Z","v":0}
{"name":"hexo","hostname":"DESKTOP-MVA4D3F","pid":9692,"level":20,"msg":"Processed: languages/fr.yml","time":"2017-12-06T16:02:47.498Z","v":0}
{"name":"hexo","hostname":"DESKTOP-MVA4D3F","pid":9692,"level":20,"msg":"Processed: languages/ja.yml","time":"2017-12-06T16:02:47.498Z","v":0}
{"name":"hexo","hostname":"DESKTOP-MVA4D3F","pid":9692,"level":20,"msg":"Processed: languages/hu.yml","time":"2017-12-06T16:02:47.498Z","v":0}
{"name":"hexo","hostname":"DESKTOP-MVA4D3F","pid":9692,"level":20,"msg":"Processed: languages/ko.yml","time":"2017-12-06T16:02:47.498Z","v":0}
{"name":"hexo","hostname":"DESKTOP-MVA4D3F","pid":9692,"level":20,"msg":"Processed: languages/pt-BR.yml","time":"2017-12-06T16:02:47.498Z","v":0}
{"name":"hexo","hostname":"DESKTOP-MVA4D3F","pid":9692,"level":20,"msg":"Processed: languages/tr.yml","time":"2017-12-06T16:02:47.498Z","v":0}
{"name":"hexo","hostname":"DESKTOP-MVA4D3F","pid":9692,"level":20,"msg":"Processed: languages/vi.yml","time":"2017-12-06T16:02:47.498Z","v":0}
{"name":"hexo","hostname":"DESKTOP-MVA4D3F","pid":9692,"level":20,"msg":"Processed: languages/ru.yml","time":"2017-12-06T16:02:47.498Z","v":0}
{"name":"hexo","hostname":"DESKTOP-MVA4D3F","pid":9692,"level":20,"msg":"Processed: languages/zh-TW.yml","time":"2017-12-06T16:02:47.498Z","v":0}
{"name":"hexo","hostname":"DESKTOP-MVA4D3F","pid":9692,"level":20,"msg":"Processed: languages/zh-CN.yml","time":"2017-12-06T16:02:47.498Z","v":0}
{"name":"hexo","hostname":"DESKTOP-MVA4D3F","pid":9692,"level":20,"msg":"Processed: source/css/images/logo-heade1r.png","time":"2017-12-06T16:02:47.500Z","v":0}
{"name":"hexo","hostname":"DESKTOP-MVA4D3F","pid":9692,"level":20,"msg":"Processed: source/css/images/logo-header.png","time":"2017-12-06T16:02:47.500Z","v":0}
{"name":"hexo","hostname":"DESKTOP-MVA4D3F","pid":9692,"level":20,"msg":"Processed: source/css/images/logo-header1.png","time":"2017-12-06T16:02:47.501Z","v":0}
{"name":"hexo","hostname":"DESKTOP-MVA4D3F","pid":9692,"level":20,"msg":"Processed: source/css/images/opacity-10.png","time":"2017-12-06T16:02:47.501Z","v":0}
{"name":"hexo","hostname":"DESKTOP-MVA4D3F","pid":9692,"level":20,"msg":"Processed: source/css/images/s-left.png","time":"2017-12-06T16:02:47.501Z","v":0}
{"name":"hexo","hostname":"DESKTOP-MVA4D3F","pid":9692,"level":20,"msg":"Processed: source/css/images/thumb-default-small.png","time":"2017-12-06T16:02:47.501Z","v":0}
{"name":"hexo","hostname":"DESKTOP-MVA4D3F","pid":9692,"level":20,"msg":"Processed: source/css/images/thumb-default.png","time":"2017-12-06T16:02:47.501Z","v":0}
{"name":"hexo","hostname":"DESKTOP-MVA4D3F","pid":9692,"level":20,"msg":"Processed: source/libs/justified-gallery/jquery.justifiedGallery.min.js","time":"2017-12-06T16:02:47.502Z","v":0}
{"name":"hexo","hostname":"DESKTOP-MVA4D3F","pid":9692,"level":20,"msg":"Processed: source/libs/justified-gallery/justifiedGallery.min.css","time":"2017-12-06T16:02:47.502Z","v":0}
{"name":"hexo","hostname":"DESKTOP-MVA4D3F","pid":9692,"level":20,"msg":"Processed: source/libs/source-code-pro/styles.css","time":"2017-12-06T16:02:47.502Z","v":0}
{"name":"hexo","hostname":"DESKTOP-MVA4D3F","pid":9692,"level":20,"msg":"Processed: source/libs/titillium-web/styles.css","time":"2017-12-06T16:02:47.502Z","v":0}
{"name":"hexo","hostname":"DESKTOP-MVA4D3F","pid":9692,"level":20,"msg":"Processed: _posts/第二章-C语言概述/C程序解剖.png","time":"2017-12-06T16:02:47.539Z","v":0}
{"name":"hexo","hostname":"DESKTOP-MVA4D3F","pid":9692,"level":20,"msg":"Processed: layout/comment/changyan.ejs","time":"2017-12-06T16:02:47.560Z","v":0}
{"name":"hexo","hostname":"DESKTOP-MVA4D3F","pid":9692,"level":20,"msg":"Processed: layout/comment/facebook.ejs","time":"2017-12-06T16:02:47.560Z","v":0}
{"name":"hexo","hostname":"DESKTOP-MVA4D3F","pid":9692,"level":20,"msg":"Processed: layout/comment/disqus.ejs","time":"2017-12-06T16:02:47.561Z","v":0}
{"name":"hexo","hostname":"DESKTOP-MVA4D3F","pid":9692,"level":20,"msg":"Processed: layout/comment/index.ejs","time":"2017-12-06T16:02:47.561Z","v":0}
{"name":"hexo","hostname":"DESKTOP-MVA4D3F","pid":9692,"level":20,"msg":"Processed: layout/comment/duoshuo.ejs","time":"2017-12-06T16:02:47.561Z","v":0}
{"name":"hexo","hostname":"DESKTOP-MVA4D3F","pid":9692,"level":20,"msg":"Processed: layout/comment/counter.ejs","time":"2017-12-06T16:02:47.561Z","v":0}
{"name":"hexo","hostname":"DESKTOP-MVA4D3F","pid":9692,"level":20,"msg":"Processed: layout/comment/livere.ejs","time":"2017-12-06T16:02:47.561Z","v":0}
{"name":"hexo","hostname":"DESKTOP-MVA4D3F","pid":9692,"level":20,"msg":"Processed: layout/comment/isso.ejs","time":"2017-12-06T16:02:47.561Z","v":0}
{"name":"hexo","hostname":"DESKTOP-MVA4D3F","pid":9692,"level":20,"msg":"Processed: layout/comment/scripts.ejs","time":"2017-12-06T16:02:47.562Z","v":0}
{"name":"hexo","hostname":"DESKTOP-MVA4D3F","pid":9692,"level":20,"msg":"Processed: layout/comment/youyan.ejs","time":"2017-12-06T16:02:47.562Z","v":0}
{"name":"hexo","hostname":"DESKTOP-MVA4D3F","pid":9692,"level":20,"msg":"Processed: layout/common/archive.ejs","time":"2017-12-06T16:02:47.562Z","v":0}
{"name":"hexo","hostname":"DESKTOP-MVA4D3F","pid":9692,"level":20,"msg":"Processed: layout/common/article.ejs","time":"2017-12-06T16:02:47.562Z","v":0}
{"name":"hexo","hostname":"DESKTOP-MVA4D3F","pid":9692,"level":20,"msg":"Processed: layout/comment/valine.ejs","time":"2017-12-06T16:02:47.562Z","v":0}
{"name":"hexo","hostname":"DESKTOP-MVA4D3F","pid":9692,"level":20,"msg":"Processed: layout/common/content-title.ejs","time":"2017-12-06T16:02:47.562Z","v":0}
{"name":"hexo","hostname":"DESKTOP-MVA4D3F","pid":9692,"level":20,"msg":"Processed: layout/common/footer.ejs","time":"2017-12-06T16:02:47.562Z","v":0}
{"name":"hexo","hostname":"DESKTOP-MVA4D3F","pid":9692,"level":20,"msg":"Processed: layout/common/head.ejs","time":"2017-12-06T16:02:47.562Z","v":0}
{"name":"hexo","hostname":"DESKTOP-MVA4D3F","pid":9692,"level":20,"msg":"Processed: layout/common/header.ejs","time":"2017-12-06T16:02:47.562Z","v":0}
{"name":"hexo","hostname":"DESKTOP-MVA4D3F","pid":9692,"level":20,"msg":"Processed: layout/common/summary.ejs","time":"2017-12-06T16:02:47.562Z","v":0}
{"name":"hexo","hostname":"DESKTOP-MVA4D3F","pid":9692,"level":20,"msg":"Processed: layout/common/scripts.ejs","time":"2017-12-06T16:02:47.562Z","v":0}
{"name":"hexo","hostname":"DESKTOP-MVA4D3F","pid":9692,"level":20,"msg":"Processed: layout/common/sidebar.ejs","time":"2017-12-06T16:02:47.562Z","v":0}
{"name":"hexo","hostname":"DESKTOP-MVA4D3F","pid":9692,"level":20,"msg":"Processed: layout/plugin/google-analytics.ejs","time":"2017-12-06T16:02:47.563Z","v":0}
{"name":"hexo","hostname":"DESKTOP-MVA4D3F","pid":9692,"level":20,"msg":"Processed: layout/plugin/baidu-analytics.ejs","time":"2017-12-06T16:02:47.563Z","v":0}
{"name":"hexo","hostname":"DESKTOP-MVA4D3F","pid":9692,"level":20,"msg":"Processed: layout/plugin/scripts.ejs","time":"2017-12-06T16:02:47.563Z","v":0}
{"name":"hexo","hostname":"DESKTOP-MVA4D3F","pid":9692,"level":20,"msg":"Processed: layout/common/thumbnail.ejs","time":"2017-12-06T16:02:47.563Z","v":0}
{"name":"hexo","hostname":"DESKTOP-MVA4D3F","pid":9692,"level":20,"msg":"Processed: layout/search/baidu.ejs","time":"2017-12-06T16:02:47.563Z","v":0}
{"name":"hexo","hostname":"DESKTOP-MVA4D3F","pid":9692,"level":20,"msg":"Processed: layout/search/index.ejs","time":"2017-12-06T16:02:47.563Z","v":0}
{"name":"hexo","hostname":"DESKTOP-MVA4D3F","pid":9692,"level":20,"msg":"Processed: layout/search/swiftype.ejs","time":"2017-12-06T16:02:47.563Z","v":0}
{"name":"hexo","hostname":"DESKTOP-MVA4D3F","pid":9692,"level":20,"msg":"Processed: layout/search/insight.ejs","time":"2017-12-06T16:02:47.563Z","v":0}
{"name":"hexo","hostname":"DESKTOP-MVA4D3F","pid":9692,"level":20,"msg":"Processed: layout/share/addtoany.ejs","time":"2017-12-06T16:02:47.563Z","v":0}
{"name":"hexo","hostname":"DESKTOP-MVA4D3F","pid":9692,"level":20,"msg":"Processed: layout/share/bdshare.ejs","time":"2017-12-06T16:02:47.563Z","v":0}
{"name":"hexo","hostname":"DESKTOP-MVA4D3F","pid":9692,"level":20,"msg":"Processed: layout/share/default.ejs","time":"2017-12-06T16:02:47.563Z","v":0}
{"name":"hexo","hostname":"DESKTOP-MVA4D3F","pid":9692,"level":20,"msg":"Processed: layout/share/index.ejs","time":"2017-12-06T16:02:47.564Z","v":0}
{"name":"hexo","hostname":"DESKTOP-MVA4D3F","pid":9692,"level":20,"msg":"Processed: layout/share/jiathis.ejs","time":"2017-12-06T16:02:47.564Z","v":0}
{"name":"hexo","hostname":"DESKTOP-MVA4D3F","pid":9692,"level":20,"msg":"Processed: layout/widget/archive.ejs","time":"2017-12-06T16:02:47.564Z","v":0}
{"name":"hexo","hostname":"DESKTOP-MVA4D3F","pid":9692,"level":20,"msg":"Processed: layout/widget/sticky_posts.ejs","time":"2017-12-06T16:02:47.564Z","v":0}
{"name":"hexo","hostname":"DESKTOP-MVA4D3F","pid":9692,"level":20,"msg":"Processed: layout/widget/links.ejs","time":"2017-12-06T16:02:47.564Z","v":0}
{"name":"hexo","hostname":"DESKTOP-MVA4D3F","pid":9692,"level":20,"msg":"Processed: layout/widget/recent_posts.ejs","time":"2017-12-06T16:02:47.564Z","v":0}
{"name":"hexo","hostname":"DESKTOP-MVA4D3F","pid":9692,"level":20,"msg":"Processed: layout/widget/category.ejs","time":"2017-12-06T16:02:47.564Z","v":0}
{"name":"hexo","hostname":"DESKTOP-MVA4D3F","pid":9692,"level":20,"msg":"Processed: layout/widget/tag.ejs","time":"2017-12-06T16:02:47.564Z","v":0}
{"name":"hexo","hostname":"DESKTOP-MVA4D3F","pid":9692,"level":20,"msg":"Processed: layout/widget/tagcloud.ejs","time":"2017-12-06T16:02:47.564Z","v":0}
{"name":"hexo","hostname":"DESKTOP-MVA4D3F","pid":9692,"level":20,"msg":"Processed: source/libs/font-awesome/css/font-awesome.css","time":"2017-12-06T16:02:47.570Z","v":0}
{"name":"hexo","hostname":"DESKTOP-MVA4D3F","pid":9692,"level":20,"msg":"Processed: source/libs/font-awesome/css/font-awesome.min.css","time":"2017-12-06T16:02:47.571Z","v":0}
{"name":"hexo","hostname":"DESKTOP-MVA4D3F","pid":9692,"level":20,"msg":"Processed: source/libs/lightgallery/css/lg-fb-comment-box.css","time":"2017-12-06T16:02:47.571Z","v":0}
{"name":"hexo","hostname":"DESKTOP-MVA4D3F","pid":9692,"level":20,"msg":"Processed: source/libs/lightgallery/css/lg-fb-comment-box.css.map","time":"2017-12-06T16:02:47.571Z","v":0}
{"name":"hexo","hostname":"DESKTOP-MVA4D3F","pid":9692,"level":20,"msg":"Processed: source/libs/lightgallery/css/lg-fb-comment-box.min.css","time":"2017-12-06T16:02:47.571Z","v":0}
{"name":"hexo","hostname":"DESKTOP-MVA4D3F","pid":9692,"level":20,"msg":"Processed: source/libs/lightgallery/css/lg-transitions.css.map","time":"2017-12-06T16:02:47.571Z","v":0}
{"name":"hexo","hostname":"DESKTOP-MVA4D3F","pid":9692,"level":20,"msg":"Processed: source/libs/lightgallery/css/lg-transitions.css","time":"2017-12-06T16:02:47.572Z","v":0}
{"name":"hexo","hostname":"DESKTOP-MVA4D3F","pid":9692,"level":20,"msg":"Processed: source/libs/lightgallery/css/lg-transitions.min.css","time":"2017-12-06T16:02:47.572Z","v":0}
{"name":"hexo","hostname":"DESKTOP-MVA4D3F","pid":9692,"level":20,"msg":"Processed: source/libs/lightgallery/css/lightgallery.css.map","time":"2017-12-06T16:02:47.572Z","v":0}
{"name":"hexo","hostname":"DESKTOP-MVA4D3F","pid":9692,"level":20,"msg":"Processed: source/libs/lightgallery/css/lightgallery.css","time":"2017-12-06T16:02:47.572Z","v":0}
{"name":"hexo","hostname":"DESKTOP-MVA4D3F","pid":9692,"level":20,"msg":"Processed: source/libs/lightgallery/css/lightgallery.min.css","time":"2017-12-06T16:02:47.572Z","v":0}
{"name":"hexo","hostname":"DESKTOP-MVA4D3F","pid":9692,"level":20,"msg":"Processed: source/libs/lightgallery/fonts/lg.eot","time":"2017-12-06T16:02:47.572Z","v":0}
{"name":"hexo","hostname":"DESKTOP-MVA4D3F","pid":9692,"level":20,"msg":"Processed: source/libs/lightgallery/fonts/lg.svg","time":"2017-12-06T16:02:47.573Z","v":0}
{"name":"hexo","hostname":"DESKTOP-MVA4D3F","pid":9692,"level":20,"msg":"Processed: source/libs/lightgallery/fonts/lg.ttf","time":"2017-12-06T16:02:47.573Z","v":0}
{"name":"hexo","hostname":"DESKTOP-MVA4D3F","pid":9692,"level":20,"msg":"Processed: source/libs/lightgallery/fonts/lg.woff","time":"2017-12-06T16:02:47.573Z","v":0}
{"name":"hexo","hostname":"DESKTOP-MVA4D3F","pid":9692,"level":20,"msg":"Processed: source/libs/lightgallery/img/loading.gif","time":"2017-12-06T16:02:47.573Z","v":0}
{"name":"hexo","hostname":"DESKTOP-MVA4D3F","pid":9692,"level":20,"msg":"Processed: source/libs/lightgallery/img/video-play.png","time":"2017-12-06T16:02:47.573Z","v":0}
{"name":"hexo","hostname":"DESKTOP-MVA4D3F","pid":9692,"level":20,"msg":"Processed: source/libs/lightgallery/img/vimeo-play.png","time":"2017-12-06T16:02:47.573Z","v":0}
{"name":"hexo","hostname":"DESKTOP-MVA4D3F","pid":9692,"level":20,"msg":"Processed: source/libs/lightgallery/img/youtube-play.png","time":"2017-12-06T16:02:47.574Z","v":0}
{"name":"hexo","hostname":"DESKTOP-MVA4D3F","pid":9692,"level":20,"msg":"Processed: source/libs/lightgallery/js/lg-autoplay.js","time":"2017-12-06T16:02:47.574Z","v":0}
{"name":"hexo","hostname":"DESKTOP-MVA4D3F","pid":9692,"level":20,"msg":"Processed: source/libs/lightgallery/js/lg-autoplay.min.js","time":"2017-12-06T16:02:47.575Z","v":0}
{"name":"hexo","hostname":"DESKTOP-MVA4D3F","pid":9692,"level":20,"msg":"Processed: source/libs/lightgallery/js/lg-fullscreen.js","time":"2017-12-06T16:02:47.575Z","v":0}
{"name":"hexo","hostname":"DESKTOP-MVA4D3F","pid":9692,"level":20,"msg":"Processed: source/libs/lightgallery/js/lg-fullscreen.min.js","time":"2017-12-06T16:02:47.575Z","v":0}
{"name":"hexo","hostname":"DESKTOP-MVA4D3F","pid":9692,"level":20,"msg":"Processed: source/libs/lightgallery/js/lg-hash.js","time":"2017-12-06T16:02:47.575Z","v":0}
{"name":"hexo","hostname":"DESKTOP-MVA4D3F","pid":9692,"level":20,"msg":"Processed: source/libs/lightgallery/js/lg-pager.js","time":"2017-12-06T16:02:47.576Z","v":0}
{"name":"hexo","hostname":"DESKTOP-MVA4D3F","pid":9692,"level":20,"msg":"Processed: source/libs/lightgallery/js/lg-hash.min.js","time":"2017-12-06T16:02:47.576Z","v":0}
{"name":"hexo","hostname":"DESKTOP-MVA4D3F","pid":9692,"level":20,"msg":"Processed: source/libs/lightgallery/js/lg-pager.min.js","time":"2017-12-06T16:02:47.576Z","v":0}
{"name":"hexo","hostname":"DESKTOP-MVA4D3F","pid":9692,"level":20,"msg":"Processed: source/libs/lightgallery/js/lg-share.js","time":"2017-12-06T16:02:47.576Z","v":0}
{"name":"hexo","hostname":"DESKTOP-MVA4D3F","pid":9692,"level":20,"msg":"Processed: source/libs/lightgallery/js/lg-share.min.js","time":"2017-12-06T16:02:47.576Z","v":0}
{"name":"hexo","hostname":"DESKTOP-MVA4D3F","pid":9692,"level":20,"msg":"Processed: source/libs/lightgallery/js/lg-thumbnail.js","time":"2017-12-06T16:02:47.576Z","v":0}
{"name":"hexo","hostname":"DESKTOP-MVA4D3F","pid":9692,"level":20,"msg":"Processed: source/libs/lightgallery/js/lg-thumbnail.min.js","time":"2017-12-06T16:02:47.576Z","v":0}
{"name":"hexo","hostname":"DESKTOP-MVA4D3F","pid":9692,"level":20,"msg":"Processed: source/libs/lightgallery/js/lg-video.min.js","time":"2017-12-06T16:02:47.577Z","v":0}
{"name":"hexo","hostname":"DESKTOP-MVA4D3F","pid":9692,"level":20,"msg":"Processed: source/libs/lightgallery/js/lg-video.js","time":"2017-12-06T16:02:47.577Z","v":0}
{"name":"hexo","hostname":"DESKTOP-MVA4D3F","pid":9692,"level":20,"msg":"Processed: source/libs/lightgallery/js/lg-zoom.js","time":"2017-12-06T16:02:47.577Z","v":0}
{"name":"hexo","hostname":"DESKTOP-MVA4D3F","pid":9692,"level":20,"msg":"Processed: source/libs/lightgallery/js/lg-zoom.min.js","time":"2017-12-06T16:02:47.577Z","v":0}
{"name":"hexo","hostname":"DESKTOP-MVA4D3F","pid":9692,"level":20,"msg":"Processed: source/libs/lightgallery/js/lightgallery.js","time":"2017-12-06T16:02:47.577Z","v":0}
{"name":"hexo","hostname":"DESKTOP-MVA4D3F","pid":9692,"level":20,"msg":"Processed: source/libs/lightgallery/js/lightgallery.min.js","time":"2017-12-06T16:02:47.577Z","v":0}
{"name":"hexo","hostname":"DESKTOP-MVA4D3F","pid":9692,"level":20,"msg":"Processed: source/libs/source-code-pro/fonts/mrl8jkM18OlOQN8JLgasD9V_2ngZ8dMf8fLgjYEouxg.woff2","time":"2017-12-06T16:02:47.578Z","v":0}
{"name":"hexo","hostname":"DESKTOP-MVA4D3F","pid":9692,"level":20,"msg":"Processed: source/libs/source-code-pro/fonts/mrl8jkM18OlOQN8JLgasDy2Q8seG17bfDXYR_jUsrzg.woff2","time":"2017-12-06T16:02:47.578Z","v":0}
{"name":"hexo","hostname":"DESKTOP-MVA4D3F","pid":9692,"level":20,"msg":"Processed: source/libs/titillium-web/fonts/7XUFZ5tgS-tD6QamInJTcSo_WB_cotcEMUw1LsIE8mM.woff2","time":"2017-12-06T16:02:47.578Z","v":0}
{"name":"hexo","hostname":"DESKTOP-MVA4D3F","pid":9692,"level":20,"msg":"Processed: source/libs/titillium-web/fonts/7XUFZ5tgS-tD6QamInJTcZSnX671uNZIV63UdXh3Mg0.woff2","time":"2017-12-06T16:02:47.578Z","v":0}
{"name":"hexo","hostname":"DESKTOP-MVA4D3F","pid":9692,"level":20,"msg":"Processed: source/libs/titillium-web/fonts/anMUvcNT0H1YN4FII8wpr4-67659ICLY8bMrYhtePPA.woff2","time":"2017-12-06T16:02:47.580Z","v":0}
{"name":"hexo","hostname":"DESKTOP-MVA4D3F","pid":9692,"level":20,"msg":"Processed: source/libs/titillium-web/fonts/anMUvcNT0H1YN4FII8wpr46gJz9aNFrmnwBdd69aqzY.woff2","time":"2017-12-06T16:02:47.581Z","v":0}
{"name":"hexo","hostname":"DESKTOP-MVA4D3F","pid":9692,"level":20,"msg":"Processed: source/libs/titillium-web/fonts/anMUvcNT0H1YN4FII8wpr9INifKjd1RJ3NxxEi9Cy2w.woff2","time":"2017-12-06T16:02:47.581Z","v":0}
{"name":"hexo","hostname":"DESKTOP-MVA4D3F","pid":9692,"level":20,"msg":"Processed: source/libs/titillium-web/fonts/anMUvcNT0H1YN4FII8wpr_SNRT0fZ5CX-AqRkMYgJJo.woff2","time":"2017-12-06T16:02:47.581Z","v":0}
{"name":"hexo","hostname":"DESKTOP-MVA4D3F","pid":9692,"level":20,"msg":"Processed: source/libs/font-awesome/fonts/fontawesome-webfont.eot","time":"2017-12-06T16:02:47.583Z","v":0}
{"name":"hexo","hostname":"DESKTOP-MVA4D3F","pid":9692,"level":20,"msg":"Processed: source/libs/font-awesome/fonts/FontAwesome.otf","time":"2017-12-06T16:02:47.583Z","v":0}
{"name":"hexo","hostname":"DESKTOP-MVA4D3F","pid":9692,"level":20,"msg":"Processed: source/libs/font-awesome/fonts/fontawesome-webfont.woff","time":"2017-12-06T16:02:47.583Z","v":0}
{"name":"hexo","hostname":"DESKTOP-MVA4D3F","pid":9692,"level":20,"msg":"Processed: source/libs/font-awesome/fonts/fontawesome-webfont.woff2","time":"2017-12-06T16:02:47.583Z","v":0}
{"name":"hexo","hostname":"DESKTOP-MVA4D3F","pid":9692,"level":20,"msg":"Processed: source/libs/jquery/2.0.3/jquery.min.js","time":"2017-12-06T16:02:47.584Z","v":0}
{"name":"hexo","hostname":"DESKTOP-MVA4D3F","pid":9692,"level":20,"msg":"Processed: layout/common/post/nav.ejs","time":"2017-12-06T16:02:47.586Z","v":0}
{"name":"hexo","hostname":"DESKTOP-MVA4D3F","pid":9692,"level":20,"msg":"Processed: layout/common/post/date.ejs","time":"2017-12-06T16:02:47.587Z","v":0}
{"name":"hexo","hostname":"DESKTOP-MVA4D3F","pid":9692,"level":20,"msg":"Processed: layout/common/post/title.ejs","time":"2017-12-06T16:02:47.587Z","v":0}
{"name":"hexo","hostname":"DESKTOP-MVA4D3F","pid":9692,"level":20,"msg":"Processed: layout/common/post/tag.ejs","time":"2017-12-06T16:02:47.587Z","v":0}
{"name":"hexo","hostname":"DESKTOP-MVA4D3F","pid":9692,"level":20,"msg":"Processed: layout/common/post/gallery.ejs","time":"2017-12-06T16:02:47.587Z","v":0}
{"name":"hexo","hostname":"DESKTOP-MVA4D3F","pid":9692,"level":20,"msg":"Processed: source/libs/font-awesome/fonts/fontawesome-webfont.ttf","time":"2017-12-06T16:02:47.587Z","v":0}
{"name":"hexo","hostname":"DESKTOP-MVA4D3F","pid":9692,"level":20,"msg":"Processed: source/libs/font-awesome/fonts/fontawesome-webfont.svg","time":"2017-12-06T16:02:47.588Z","v":0}
{"name":"hexo","hostname":"DESKTOP-MVA4D3F","pid":9692,"level":60,"err":{"message":"(unknown path) [Line 284, Column 15]\n  expected variable end","name":"Template render error","stack":"Template render error: (unknown path) [Line 284, Column 15]\n  expected variable end\n    at Object.exports.prettifyError (D:\\HexoBlog\\node_modules\\nunjucks\\src\\lib.js:34:15)\n    at new_cls.render (D:\\HexoBlog\\node_modules\\nunjucks\\src\\environment.js:469:27)\n    at new_cls.renderString (D:\\HexoBlog\\node_modules\\nunjucks\\src\\environment.js:327:21)\n    at D:\\HexoBlog\\node_modules\\hexo\\lib\\extend\\tag.js:66:9\n    at Promise._execute (D:\\HexoBlog\\node_modules\\bluebird\\js\\release\\debuggability.js:303:9)\n    at Promise._resolveFromExecutor (D:\\HexoBlog\\node_modules\\bluebird\\js\\release\\promise.js:483:18)\n    at new Promise (D:\\HexoBlog\\node_modules\\bluebird\\js\\release\\promise.js:79:10)\n    at Tag.render (D:\\HexoBlog\\node_modules\\hexo\\lib\\extend\\tag.js:64:10)\n    at Object.tagFilter [as onRenderEnd] (D:\\HexoBlog\\node_modules\\hexo\\lib\\hexo\\post.js:266:16)\n    at D:\\HexoBlog\\node_modules\\hexo\\lib\\hexo\\render.js:65:19\n    at tryCatcher (D:\\HexoBlog\\node_modules\\bluebird\\js\\release\\util.js:16:23)\n    at Promise._settlePromiseFromHandler (D:\\HexoBlog\\node_modules\\bluebird\\js\\release\\promise.js:512:31)\n    at Promise._settlePromise (D:\\HexoBlog\\node_modules\\bluebird\\js\\release\\promise.js:569:18)\n    at Promise._settlePromise0 (D:\\HexoBlog\\node_modules\\bluebird\\js\\release\\promise.js:614:10)\n    at Promise._settlePromises (D:\\HexoBlog\\node_modules\\bluebird\\js\\release\\promise.js:693:18)\n    at Async._drainQueue (D:\\HexoBlog\\node_modules\\bluebird\\js\\release\\async.js:133:16)"},"msg":"Something's wrong. Maybe you can find the solution here: http://hexo.io/docs/troubleshooting.html","time":"2017-12-06T16:02:47.790Z","v":0}
{"name":"hexo","hostname":"DESKTOP-MVA4D3F","pid":9692,"level":20,"msg":"Database saved","time":"2017-12-06T16:02:47.819Z","v":0}
